<?xml version="1.0" encoding="UTF-8"?>
<testsuite xmlns:xsi="http://www.w3.org/2001/XMLSchema-instance" xsi:noNamespaceSchemaLocation="https://maven.apache.org/surefire/maven-surefire-plugin/xsd/surefire-test-report.xsd" name="webscraping.TestingClass" time="17.863" tests="5" errors="0" skipped="0" failures="0">
  <properties>
[...]
</properties>
  <testcase name="testAddRecords" classname="webscraping.TestingClass" time="0.015"/>
  <testcase name="testConnection" classname="webscraping.TestingClass" time="4.483"/>
  <testcase name="testGetBean" classname="webscraping.TestingClass" time="0.041"/>
  <testcase name="testCloseConnection" classname="webscraping.TestingClass" time="0.169"/>
  <testcase name="testSetNameNovotech" classname="webscraping.TestingClass" time="13.138"/>
</testsuite>